<?xml version="1.0" encoding="UTF-8"?>
<testsuite name="com.dumisani.spring.part1.restTest" tests="2" skipped="0" failures="0" errors="0" timestamp="2020-04-21T10:04:21" hostname="Area51s-MacBook-Pro.local" time="7.13">
  <properties/>
  <testcase name="addUser()" classname="com.dumisani.spring.part1.restTest" time="6.035"/>
  <testcase name="givenAuthRequestOnPrivateService_shouldSucceedWith200()" classname="com.dumisani.spring.part1.restTest" time="1.092"/>
  <system-out><![CDATA[12:04:15.916 [Test worker] DEBUG org.springframework.test.context.BootstrapUtils - Instantiating CacheAwareContextLoaderDelegate from class [org.springframework.test.context.cache.DefaultCacheAwareContextLoaderDelegate]
12:04:15.941 [Test worker] DEBUG org.springframework.test.context.BootstrapUtils - Instantiating BootstrapContext using constructor [public org.springframework.test.context.support.DefaultBootstrapContext(java.lang.Class,org.springframework.test.context.CacheAwareContextLoaderDelegate)]
12:04:15.983 [Test worker] DEBUG org.springframework.test.context.BootstrapUtils - Instantiating TestContextBootstrapper for test class [com.dumisani.spring.part1.restTest] from class [org.springframework.boot.test.context.SpringBootTestContextBootstrapper]
12:04:16.006 [Test worker] INFO org.springframework.boot.test.context.SpringBootTestContextBootstrapper - Neither @ContextConfiguration nor @ContextHierarchy found for test class [com.dumisani.spring.part1.restTest], using SpringBootContextLoader
12:04:16.013 [Test worker] DEBUG org.springframework.test.context.support.AbstractContextLoader - Did not detect default resource location for test class [com.dumisani.spring.part1.restTest]: class path resource [com/dumisani/spring/part1/restTest-context.xml] does not exist
12:04:16.014 [Test worker] DEBUG org.springframework.test.context.support.AbstractContextLoader - Did not detect default resource location for test class [com.dumisani.spring.part1.restTest]: class path resource [com/dumisani/spring/part1/restTestContext.groovy] does not exist
12:04:16.016 [Test worker] INFO org.springframework.test.context.support.AbstractContextLoader - Could not detect default resource locations for test class [com.dumisani.spring.part1.restTest]: no resource found for suffixes {-context.xml, Context.groovy}.
12:04:16.018 [Test worker] INFO org.springframework.test.context.support.AnnotationConfigContextLoaderUtils - Could not detect default configuration classes for test class [com.dumisani.spring.part1.restTest]: restTest does not declare any static, non-private, non-final, nested classes annotated with @Configuration.
12:04:16.086 [Test worker] DEBUG org.springframework.test.context.support.ActiveProfilesUtils - Could not find an 'annotation declaring class' for annotation type [org.springframework.test.context.ActiveProfiles] and class [com.dumisani.spring.part1.restTest]
12:04:16.190 [Test worker] DEBUG org.springframework.context.annotation.ClassPathScanningCandidateComponentProvider - Identified candidate component class: file [/Users/area51/Downloads/Ex_Files_Learning_Spring_Spring_Boot/Exercise Files/Chapter2/02_04/02_04_begin/spring part1/build/classes/java/main/com/dumisani/spring/part1/Main.class]
12:04:16.217 [Test worker] INFO org.springframework.boot.test.context.SpringBootTestContextBootstrapper - Found @SpringBootConfiguration com.dumisani.spring.part1.Main for test class com.dumisani.spring.part1.restTest
12:04:16.366 [Test worker] DEBUG org.springframework.boot.test.context.SpringBootTestContextBootstrapper - @TestExecutionListeners is not present for class [com.dumisani.spring.part1.restTest]: using defaults.
12:04:16.367 [Test worker] INFO org.springframework.boot.test.context.SpringBootTestContextBootstrapper - Loaded default TestExecutionListener class names from location [META-INF/spring.factories]: [org.springframework.boot.test.autoconfigure.restdocs.RestDocsTestExecutionListener, org.springframework.boot.test.autoconfigure.web.client.MockRestServiceServerResetTestExecutionListener, org.springframework.boot.test.autoconfigure.web.servlet.MockMvcPrintOnlyOnFailureTestExecutionListener, org.springframework.boot.test.autoconfigure.web.servlet.WebDriverTestExecutionListener, org.springframework.boot.test.mock.mockito.MockitoTestExecutionListener, org.springframework.boot.test.mock.mockito.ResetMocksTestExecutionListener, org.springframework.test.context.web.ServletTestExecutionListener, org.springframework.test.context.support.DirtiesContextBeforeModesTestExecutionListener, org.springframework.test.context.support.DependencyInjectionTestExecutionListener, org.springframework.test.context.support.DirtiesContextTestExecutionListener, org.springframework.test.context.transaction.TransactionalTestExecutionListener, org.springframework.test.context.jdbc.SqlScriptsTestExecutionListener, org.springframework.test.context.event.EventPublishingTestExecutionListener]
12:04:16.380 [Test worker] DEBUG org.springframework.boot.test.context.SpringBootTestContextBootstrapper - Skipping candidate TestExecutionListener [org.springframework.test.context.transaction.TransactionalTestExecutionListener] due to a missing dependency. Specify custom listener classes or make the default listener classes and their required dependencies available. Offending class: [org/springframework/transaction/interceptor/TransactionAttributeSource]
12:04:16.382 [Test worker] DEBUG org.springframework.boot.test.context.SpringBootTestContextBootstrapper - Skipping candidate TestExecutionListener [org.springframework.test.context.jdbc.SqlScriptsTestExecutionListener] due to a missing dependency. Specify custom listener classes or make the default listener classes and their required dependencies available. Offending class: [org/springframework/transaction/interceptor/TransactionAttribute]
12:04:16.382 [Test worker] INFO org.springframework.boot.test.context.SpringBootTestContextBootstrapper - Using TestExecutionListeners: [org.springframework.test.context.web.ServletTestExecutionListener@2a80ea1d, org.springframework.test.context.support.DirtiesContextBeforeModesTestExecutionListener@4f222461, org.springframework.boot.test.mock.mockito.MockitoTestExecutionListener@2380f8ad, org.springframework.boot.test.autoconfigure.SpringBootDependencyInjectionTestExecutionListener@47fe1f4f, org.springframework.test.context.support.DirtiesContextTestExecutionListener@6a03d5af, org.springframework.test.context.event.EventPublishingTestExecutionListener@34dce5a2, org.springframework.boot.test.autoconfigure.restdocs.RestDocsTestExecutionListener@103d3604, org.springframework.boot.test.autoconfigure.web.client.MockRestServiceServerResetTestExecutionListener@270e472b, org.springframework.boot.test.autoconfigure.web.servlet.MockMvcPrintOnlyOnFailureTestExecutionListener@535450c8, org.springframework.boot.test.autoconfigure.web.servlet.WebDriverTestExecutionListener@765ef5, org.springframework.boot.test.mock.mockito.ResetMocksTestExecutionListener@7982d5e9]
12:04:16.388 [Test worker] DEBUG org.springframework.test.context.support.AbstractDirtiesContextTestExecutionListener - Before test class: context [DefaultTestContext@6c6fe0f0 testClass = restTest, testInstance = [null], testMethod = [null], testException = [null], mergedContextConfiguration = [WebMergedContextConfiguration@2faf016 testClass = restTest, locations = '{}', classes = '{class com.dumisani.spring.part1.Main}', contextInitializerClasses = '[]', activeProfiles = '{}', propertySourceLocations = '{}', propertySourceProperties = '{org.springframework.boot.test.context.SpringBootTestContextBootstrapper=true, server.port=0}', contextCustomizers = set[org.springframework.boot.test.autoconfigure.properties.PropertyMappingContextCustomizer@0, org.springframework.boot.test.autoconfigure.web.servlet.WebDriverContextCustomizerFactory$Customizer@60232326, org.springframework.boot.test.context.filter.ExcludeFilterContextCustomizer@7477051d, org.springframework.boot.test.json.DuplicateJsonObjectContextCustomizerFactory$DuplicateJsonObjectContextCustomizer@795b60eb, org.springframework.boot.test.mock.mockito.MockitoContextCustomizer@0, org.springframework.boot.test.web.client.TestRestTemplateContextCustomizer@29060f76], resourceBasePath = 'src/main/webapp', contextLoader = 'org.springframework.boot.test.context.SpringBootContextLoader', parent = [null]], attributes = map['org.springframework.test.context.web.ServletTestExecutionListener.activateListener' -> false]], class annotated with @DirtiesContext [false] with mode [null].
12:04:16.449 [Test worker] DEBUG org.springframework.test.context.support.DependencyInjectionTestExecutionListener - Performing dependency injection for test context [[DefaultTestContext@6c6fe0f0 testClass = restTest, testInstance = com.dumisani.spring.part1.restTest@4db44811, testMethod = [null], testException = [null], mergedContextConfiguration = [WebMergedContextConfiguration@2faf016 testClass = restTest, locations = '{}', classes = '{class com.dumisani.spring.part1.Main}', contextInitializerClasses = '[]', activeProfiles = '{}', propertySourceLocations = '{}', propertySourceProperties = '{org.springframework.boot.test.context.SpringBootTestContextBootstrapper=true, server.port=0}', contextCustomizers = set[org.springframework.boot.test.autoconfigure.properties.PropertyMappingContextCustomizer@0, org.springframework.boot.test.autoconfigure.web.servlet.WebDriverContextCustomizerFactory$Customizer@60232326, org.springframework.boot.test.context.filter.ExcludeFilterContextCustomizer@7477051d, org.springframework.boot.test.json.DuplicateJsonObjectContextCustomizerFactory$DuplicateJsonObjectContextCustomizer@795b60eb, org.springframework.boot.test.mock.mockito.MockitoContextCustomizer@0, org.springframework.boot.test.web.client.TestRestTemplateContextCustomizer@29060f76], resourceBasePath = 'src/main/webapp', contextLoader = 'org.springframework.boot.test.context.SpringBootContextLoader', parent = [null]], attributes = map['org.springframework.test.context.web.ServletTestExecutionListener.activateListener' -> false]]].
12:04:16.480 [Test worker] DEBUG org.springframework.test.context.support.TestPropertySourceUtils - Adding inlined properties to environment: {spring.jmx.enabled=false, org.springframework.boot.test.context.SpringBootTestContextBootstrapper=true, server.port=0}

  .   ____          _            __ _ _
 /\\ / ___'_ __ _ _(_)_ __  __ _ \ \ \ \
( ( )\___ | '_ | '_| | '_ \/ _` | \ \ \ \
 \\/  ___)| |_)| | | | | || (_| |  ) ) ) )
  '  |____| .__|_| |_|_| |_\__, | / / / /
 =========|_|==============|___/=/_/_/_/
 :: Spring Boot ::        (v2.2.2.RELEASE)

2020-04-21 12:04:17.161  INFO 743 --- [    Test worker] com.dumisani.spring.part1.restTest       : Starting restTest on Area51s-MacBook-Pro.local with PID 743 (started by area51 in /Users/area51/Downloads/Ex_Files_Learning_Spring_Spring_Boot/Exercise Files/Chapter2/02_04/02_04_begin/spring part1)
2020-04-21 12:04:17.181  INFO 743 --- [    Test worker] com.dumisani.spring.part1.restTest       : No active profile set, falling back to default profiles: default
2020-04-21 12:04:19.558  INFO 743 --- [    Test worker] o.s.b.w.embedded.tomcat.TomcatWebServer  : Tomcat initialized with port(s): 0 (http)
2020-04-21 12:04:19.575  INFO 743 --- [    Test worker] o.apache.catalina.core.StandardService   : Starting service [Tomcat]
2020-04-21 12:04:19.576  INFO 743 --- [    Test worker] org.apache.catalina.core.StandardEngine  : Starting Servlet engine: [Apache Tomcat/9.0.29]
2020-04-21 12:04:19.721  INFO 743 --- [    Test worker] o.a.c.c.C.[Tomcat].[localhost].[/]       : Initializing Spring embedded WebApplicationContext
2020-04-21 12:04:19.721  INFO 743 --- [    Test worker] o.s.web.context.ContextLoader            : Root WebApplicationContext: initialization completed in 2477 ms
2020-04-21 12:04:19.909  INFO 743 --- [    Test worker] f.a.AutowiredAnnotationBeanPostProcessor : Autowired annotation is not supported on static fields: static com.dumisani.spring.part1.FakeRepo com.dumisani.spring.part1.UserServicesImpl.fakeRepo
2020-04-21 12:04:19.912  INFO 743 --- [    Test worker] f.a.AutowiredAnnotationBeanPostProcessor : Autowired annotation is not supported on static fields: static com.dumisani.spring.part1.FakeRepo com.dumisani.spring.part1.UserServicesImpl.fakeRepo
2020-04-21 12:04:20.610  INFO 743 --- [    Test worker] o.s.s.web.DefaultSecurityFilterChain     : Creating filter chain: any request, [org.springframework.security.web.context.request.async.WebAsyncManagerIntegrationFilter@461a456e, org.springframework.security.web.context.SecurityContextPersistenceFilter@4c166176, org.springframework.security.web.header.HeaderWriterFilter@520f492a, org.springframework.security.web.csrf.CsrfFilter@5959ae59, org.springframework.security.web.authentication.logout.LogoutFilter@6004a64d, org.springframework.security.web.authentication.www.BasicAuthenticationFilter@7685e941, org.springframework.security.web.savedrequest.RequestCacheAwareFilter@7b4a20ae, org.springframework.security.web.servletapi.SecurityContextHolderAwareRequestFilter@6e5e9909, org.springframework.security.web.authentication.AnonymousAuthenticationFilter@cbba4c4, org.springframework.security.web.session.SessionManagementFilter@18c1835d, org.springframework.security.web.access.ExceptionTranslationFilter@44f0f1d3, org.springframework.security.web.access.intercept.FilterSecurityInterceptor@2761a09a]
2020-04-21 12:04:20.988  INFO 743 --- [    Test worker] o.s.s.concurrent.ThreadPoolTaskExecutor  : Initializing ExecutorService 'applicationTaskExecutor'
2020-04-21 12:04:21.452  INFO 743 --- [    Test worker] o.s.b.w.embedded.tomcat.TomcatWebServer  : Tomcat started on port(s): 49995 (http) with context path ''
2020-04-21 12:04:21.459  INFO 743 --- [    Test worker] com.dumisani.spring.part1.restTest       : Started restTest in 4.972 seconds (JVM running for 6.944)
Going to sleep for 5 Secs.. to simulate backend call.
Dumisani Entered
Hello Dumisani Ngobeni
2020-04-21 12:04:27.825  INFO 743 --- [o-auto-1-exec-1] o.a.c.c.C.[Tomcat].[localhost].[/]       : Initializing Spring DispatcherServlet 'dispatcherServlet'
2020-04-21 12:04:27.826  INFO 743 --- [o-auto-1-exec-1] o.s.web.servlet.DispatcherServlet        : Initializing Servlet 'dispatcherServlet'
2020-04-21 12:04:27.856  INFO 743 --- [o-auto-1-exec-1] o.s.web.servlet.DispatcherServlet        : Completed initialization in 30 ms
]]></system-out>
  <system-err><![CDATA[]]></system-err>
</testsuite>
