<?xml version="1.0" encoding="UTF-8"?>
<testsuite name="com.dumisani.spring.part1.restTest" tests="2" skipped="0" failures="0" errors="0" timestamp="2020-04-21T12:08:16" hostname="Area51s-MacBook-Pro.local" time="6.932">
  <properties/>
  <testcase name="givenAuthRequestOnPrivateService_shouldSucceedWith200()" classname="com.dumisani.spring.part1.restTest" time="1.873"/>
  <testcase name="cacheUser()" classname="com.dumisani.spring.part1.restTest" time="5.056"/>
  <system-out><![CDATA[14:08:09.244 [Test worker] DEBUG org.springframework.test.context.BootstrapUtils - Instantiating CacheAwareContextLoaderDelegate from class [org.springframework.test.context.cache.DefaultCacheAwareContextLoaderDelegate]
14:08:09.328 [Test worker] DEBUG org.springframework.test.context.BootstrapUtils - Instantiating BootstrapContext using constructor [public org.springframework.test.context.support.DefaultBootstrapContext(java.lang.Class,org.springframework.test.context.CacheAwareContextLoaderDelegate)]
14:08:09.373 [Test worker] DEBUG org.springframework.test.context.BootstrapUtils - Instantiating TestContextBootstrapper for test class [com.dumisani.spring.part1.restTest] from class [org.springframework.boot.test.context.SpringBootTestContextBootstrapper]
14:08:09.489 [Test worker] INFO org.springframework.boot.test.context.SpringBootTestContextBootstrapper - Neither @ContextConfiguration nor @ContextHierarchy found for test class [com.dumisani.spring.part1.restTest], using SpringBootContextLoader
14:08:09.624 [Test worker] DEBUG org.springframework.test.context.support.AbstractContextLoader - Did not detect default resource location for test class [com.dumisani.spring.part1.restTest]: class path resource [com/dumisani/spring/part1/restTest-context.xml] does not exist
14:08:09.626 [Test worker] DEBUG org.springframework.test.context.support.AbstractContextLoader - Did not detect default resource location for test class [com.dumisani.spring.part1.restTest]: class path resource [com/dumisani/spring/part1/restTestContext.groovy] does not exist
14:08:09.627 [Test worker] INFO org.springframework.test.context.support.AbstractContextLoader - Could not detect default resource locations for test class [com.dumisani.spring.part1.restTest]: no resource found for suffixes {-context.xml, Context.groovy}.
14:08:09.630 [Test worker] INFO org.springframework.test.context.support.AnnotationConfigContextLoaderUtils - Could not detect default configuration classes for test class [com.dumisani.spring.part1.restTest]: restTest does not declare any static, non-private, non-final, nested classes annotated with @Configuration.
14:08:09.841 [Test worker] DEBUG org.springframework.test.context.support.ActiveProfilesUtils - Could not find an 'annotation declaring class' for annotation type [org.springframework.test.context.ActiveProfiles] and class [com.dumisani.spring.part1.restTest]
14:08:10.081 [Test worker] DEBUG org.springframework.context.annotation.ClassPathScanningCandidateComponentProvider - Identified candidate component class: file [/Users/area51/Downloads/Ex_Files_Learning_Spring_Spring_Boot/Exercise Files/Chapter2/02_04/02_04_begin/spring part1/build/classes/java/main/com/dumisani/spring/part1/Main.class]
14:08:10.132 [Test worker] INFO org.springframework.boot.test.context.SpringBootTestContextBootstrapper - Found @SpringBootConfiguration com.dumisani.spring.part1.Main for test class com.dumisani.spring.part1.restTest
14:08:10.375 [Test worker] DEBUG org.springframework.boot.test.context.SpringBootTestContextBootstrapper - @TestExecutionListeners is not present for class [com.dumisani.spring.part1.restTest]: using defaults.
14:08:10.377 [Test worker] INFO org.springframework.boot.test.context.SpringBootTestContextBootstrapper - Loaded default TestExecutionListener class names from location [META-INF/spring.factories]: [org.springframework.boot.test.autoconfigure.restdocs.RestDocsTestExecutionListener, org.springframework.boot.test.autoconfigure.web.client.MockRestServiceServerResetTestExecutionListener, org.springframework.boot.test.autoconfigure.web.servlet.MockMvcPrintOnlyOnFailureTestExecutionListener, org.springframework.boot.test.autoconfigure.web.servlet.WebDriverTestExecutionListener, org.springframework.boot.test.mock.mockito.MockitoTestExecutionListener, org.springframework.boot.test.mock.mockito.ResetMocksTestExecutionListener, org.springframework.test.context.web.ServletTestExecutionListener, org.springframework.test.context.support.DirtiesContextBeforeModesTestExecutionListener, org.springframework.test.context.support.DependencyInjectionTestExecutionListener, org.springframework.test.context.support.DirtiesContextTestExecutionListener, org.springframework.test.context.transaction.TransactionalTestExecutionListener, org.springframework.test.context.jdbc.SqlScriptsTestExecutionListener, org.springframework.test.context.event.EventPublishingTestExecutionListener]
14:08:10.420 [Test worker] DEBUG org.springframework.boot.test.context.SpringBootTestContextBootstrapper - Skipping candidate TestExecutionListener [org.springframework.test.context.transaction.TransactionalTestExecutionListener] due to a missing dependency. Specify custom listener classes or make the default listener classes and their required dependencies available. Offending class: [org/springframework/transaction/interceptor/TransactionAttributeSource]
14:08:10.421 [Test worker] DEBUG org.springframework.boot.test.context.SpringBootTestContextBootstrapper - Skipping candidate TestExecutionListener [org.springframework.test.context.jdbc.SqlScriptsTestExecutionListener] due to a missing dependency. Specify custom listener classes or make the default listener classes and their required dependencies available. Offending class: [org/springframework/transaction/interceptor/TransactionAttribute]
14:08:10.422 [Test worker] INFO org.springframework.boot.test.context.SpringBootTestContextBootstrapper - Using TestExecutionListeners: [org.springframework.test.context.web.ServletTestExecutionListener@27687397, org.springframework.test.context.support.DirtiesContextBeforeModesTestExecutionListener@5afcf625, org.springframework.boot.test.mock.mockito.MockitoTestExecutionListener@51e6e7b7, org.springframework.boot.test.autoconfigure.SpringBootDependencyInjectionTestExecutionListener@3642dbe5, org.springframework.test.context.support.DirtiesContextTestExecutionListener@5252f271, org.springframework.test.context.event.EventPublishingTestExecutionListener@6fa26bc0, org.springframework.boot.test.autoconfigure.restdocs.RestDocsTestExecutionListener@99ff2dc, org.springframework.boot.test.autoconfigure.web.client.MockRestServiceServerResetTestExecutionListener@29a29df9, org.springframework.boot.test.autoconfigure.web.servlet.MockMvcPrintOnlyOnFailureTestExecutionListener@6ca633c6, org.springframework.boot.test.autoconfigure.web.servlet.WebDriverTestExecutionListener@10a6a9f9, org.springframework.boot.test.mock.mockito.ResetMocksTestExecutionListener@6659a023]
14:08:10.427 [Test worker] DEBUG org.springframework.test.context.support.AbstractDirtiesContextTestExecutionListener - Before test class: context [DefaultTestContext@4af0668b testClass = restTest, testInstance = [null], testMethod = [null], testException = [null], mergedContextConfiguration = [WebMergedContextConfiguration@1c678d54 testClass = restTest, locations = '{}', classes = '{class com.dumisani.spring.part1.Main}', contextInitializerClasses = '[]', activeProfiles = '{}', propertySourceLocations = '{}', propertySourceProperties = '{org.springframework.boot.test.context.SpringBootTestContextBootstrapper=true, server.port=0}', contextCustomizers = set[org.springframework.boot.test.autoconfigure.properties.PropertyMappingContextCustomizer@0, org.springframework.boot.test.autoconfigure.web.servlet.WebDriverContextCustomizerFactory$Customizer@685a4bfa, org.springframework.boot.test.context.filter.ExcludeFilterContextCustomizer@293933ad, org.springframework.boot.test.json.DuplicateJsonObjectContextCustomizerFactory$DuplicateJsonObjectContextCustomizer@2d284490, org.springframework.boot.test.mock.mockito.MockitoContextCustomizer@0, org.springframework.boot.test.web.client.TestRestTemplateContextCustomizer@4dceb93b], resourceBasePath = 'src/main/webapp', contextLoader = 'org.springframework.boot.test.context.SpringBootContextLoader', parent = [null]], attributes = map['org.springframework.test.context.web.ServletTestExecutionListener.activateListener' -> false]], class annotated with @DirtiesContext [false] with mode [null].
14:08:10.511 [Test worker] DEBUG org.springframework.test.context.support.DependencyInjectionTestExecutionListener - Performing dependency injection for test context [[DefaultTestContext@4af0668b testClass = restTest, testInstance = com.dumisani.spring.part1.restTest@7d41451b, testMethod = [null], testException = [null], mergedContextConfiguration = [WebMergedContextConfiguration@1c678d54 testClass = restTest, locations = '{}', classes = '{class com.dumisani.spring.part1.Main}', contextInitializerClasses = '[]', activeProfiles = '{}', propertySourceLocations = '{}', propertySourceProperties = '{org.springframework.boot.test.context.SpringBootTestContextBootstrapper=true, server.port=0}', contextCustomizers = set[org.springframework.boot.test.autoconfigure.properties.PropertyMappingContextCustomizer@0, org.springframework.boot.test.autoconfigure.web.servlet.WebDriverContextCustomizerFactory$Customizer@685a4bfa, org.springframework.boot.test.context.filter.ExcludeFilterContextCustomizer@293933ad, org.springframework.boot.test.json.DuplicateJsonObjectContextCustomizerFactory$DuplicateJsonObjectContextCustomizer@2d284490, org.springframework.boot.test.mock.mockito.MockitoContextCustomizer@0, org.springframework.boot.test.web.client.TestRestTemplateContextCustomizer@4dceb93b], resourceBasePath = 'src/main/webapp', contextLoader = 'org.springframework.boot.test.context.SpringBootContextLoader', parent = [null]], attributes = map['org.springframework.test.context.web.ServletTestExecutionListener.activateListener' -> false]]].
14:08:10.591 [Test worker] DEBUG org.springframework.test.context.support.TestPropertySourceUtils - Adding inlined properties to environment: {spring.jmx.enabled=false, org.springframework.boot.test.context.SpringBootTestContextBootstrapper=true, server.port=0}

  .   ____          _            __ _ _
 /\\ / ___'_ __ _ _(_)_ __  __ _ \ \ \ \
( ( )\___ | '_ | '_| | '_ \/ _` | \ \ \ \
 \\/  ___)| |_)| | | | | || (_| |  ) ) ) )
  '  |____| .__|_| |_|_| |_\__, | / / / /
 =========|_|==============|___/=/_/_/_/
 :: Spring Boot ::        (v2.2.2.RELEASE)

2020-04-21 14:08:11.548  INFO 1755 --- [    Test worker] com.dumisani.spring.part1.restTest       : Starting restTest on Area51s-MacBook-Pro.local with PID 1755 (started by area51 in /Users/area51/Downloads/Ex_Files_Learning_Spring_Spring_Boot/Exercise Files/Chapter2/02_04/02_04_begin/spring part1)
2020-04-21 14:08:11.566  INFO 1755 --- [    Test worker] com.dumisani.spring.part1.restTest       : No active profile set, falling back to default profiles: default
2020-04-21 14:08:14.117  INFO 1755 --- [    Test worker] o.s.b.w.embedded.tomcat.TomcatWebServer  : Tomcat initialized with port(s): 0 (http)
2020-04-21 14:08:14.145  INFO 1755 --- [    Test worker] o.apache.catalina.core.StandardService   : Starting service [Tomcat]
2020-04-21 14:08:14.146  INFO 1755 --- [    Test worker] org.apache.catalina.core.StandardEngine  : Starting Servlet engine: [Apache Tomcat/9.0.29]
2020-04-21 14:08:14.327  INFO 1755 --- [    Test worker] o.a.c.c.C.[Tomcat].[localhost].[/]       : Initializing Spring embedded WebApplicationContext
2020-04-21 14:08:14.327  INFO 1755 --- [    Test worker] o.s.web.context.ContextLoader            : Root WebApplicationContext: initialization completed in 2685 ms
2020-04-21 14:08:14.604  INFO 1755 --- [    Test worker] f.a.AutowiredAnnotationBeanPostProcessor : Autowired annotation is not supported on static fields: static com.dumisani.spring.part1.FakeRepo com.dumisani.spring.part1.UserServicesImpl.fakeRepo
2020-04-21 14:08:14.607  INFO 1755 --- [    Test worker] f.a.AutowiredAnnotationBeanPostProcessor : Autowired annotation is not supported on static fields: static com.dumisani.spring.part1.FakeRepo com.dumisani.spring.part1.UserServicesImpl.fakeRepo
2020-04-21 14:08:15.743  INFO 1755 --- [    Test worker] o.s.s.web.DefaultSecurityFilterChain     : Creating filter chain: any request, [org.springframework.security.web.context.request.async.WebAsyncManagerIntegrationFilter@4f2f87d9, org.springframework.security.web.context.SecurityContextPersistenceFilter@6b13c1f4, org.springframework.security.web.header.HeaderWriterFilter@1060ed40, org.springframework.security.web.csrf.CsrfFilter@3fbbe724, org.springframework.security.web.authentication.logout.LogoutFilter@38fce696, org.springframework.security.web.authentication.www.BasicAuthenticationFilter@7e29584, org.springframework.security.web.savedrequest.RequestCacheAwareFilter@5112cec5, org.springframework.security.web.servletapi.SecurityContextHolderAwareRequestFilter@83f5c7a, org.springframework.security.web.authentication.AnonymousAuthenticationFilter@18554fe4, org.springframework.security.web.session.SessionManagementFilter@36a79160, org.springframework.security.web.access.ExceptionTranslationFilter@62b4db9a, org.springframework.security.web.access.intercept.FilterSecurityInterceptor@46dddfde]
2020-04-21 14:08:16.108  INFO 1755 --- [    Test worker] o.s.s.concurrent.ThreadPoolTaskExecutor  : Initializing ExecutorService 'applicationTaskExecutor'
2020-04-21 14:08:16.695  INFO 1755 --- [    Test worker] o.s.b.w.embedded.tomcat.TomcatWebServer  : Tomcat started on port(s): 51216 (http) with context path ''
2020-04-21 14:08:16.704  INFO 1755 --- [    Test worker] com.dumisani.spring.part1.restTest       : Started restTest in 6.106 seconds (JVM running for 9.454)
2020-04-21 14:08:17.989  INFO 1755 --- [o-auto-1-exec-1] o.a.c.c.C.[Tomcat].[localhost].[/]       : Initializing Spring DispatcherServlet 'dispatcherServlet'
2020-04-21 14:08:17.990  INFO 1755 --- [o-auto-1-exec-1] o.s.web.servlet.DispatcherServlet        : Initializing Servlet 'dispatcherServlet'
2020-04-21 14:08:18.033  INFO 1755 --- [o-auto-1-exec-1] o.s.web.servlet.DispatcherServlet        : Completed initialization in 43 ms
Going to sleep for 5 Secs.. to simulate backend call.
Hello Dumisani Ngobeni
Hello Dumisani Ngobeni
Hello Dumisani Ngobeni
Hello Dumisani Ngobeni
]]></system-out>
  <system-err><![CDATA[]]></system-err>
</testsuite>
